<?xml version="1.0" encoding="utf-8"?><testsuites name="pytest tests"><testsuite name="pytest" errors="0" failures="1" skipped="0" tests="9" time="3.668" timestamp="2026-08-17T12:59:37.477141+00:00" hostname="agent-env-c4da4a7d-ab40-4894-8d42-80ec5a8175ed"><testcase classname="tests.test_boss_payroll_multigroup.TestBossAccess" name="test_boss_login" time="1.200" /><testcase classname="tests.test_boss_payroll_multigroup.TestOtherIsolation" name="test_nofia_cannot_switch_to_karyawan" time="0.584" /><testcase classname="tests.test_boss_payroll_multigroup.TestOtherIsolation" name="test_nofia_header_ignored_falls_back_to_staff" time="0.566" /><testcase classname="tests.test_boss_payroll_multigroup.TestOtherIsolation" name="test_heri_blocked_from_payroll" time="1.167" /><testcase classname="tests.test_boss_payroll_multigroup.TestBossAccess" name="test_boss_my_access" time="0.621" /><testcase classname="tests.test_boss_payroll_multigroup.TestBossAccess" name="test_boss_payslips_karyawan_no_pin" time="0.517" /><testcase classname="tests.test_boss_payroll_multigroup.TestOtherIsolation" name="test_susanto_blocked_from_payroll" time="0.535" /><testcase classname="tests.test_boss_payroll_multigroup.TestBossAccess" name="test_boss_payslips_staff_no_pin" time="0.592" /><testcase classname="tests.test_boss_payroll_multigroup.TestBossAccess" name="test_boss_cannot_manage_pin" time="0.373"><failure message="AssertionError: boss should not manage PIN, got 404 {&quot;detail&quot;:&quot;Not Found&quot;}&#10;assert 404 in (400, 403)&#10; +  where 404 = &lt;Response [404]&gt;.status_code">backend/tests/test_boss_payroll_multigroup.py:68: in test_boss_cannot_manage_pin
    assert r.status_code in (400, 403), f"boss should not manage PIN, got {r.status_code} {r.text}"
E   AssertionError: boss should not manage PIN, got 404 {"detail":"Not Found"}
E   assert 404 in (400, 403)
E    +  where 404 = &lt;Response [404]&gt;.status_code</failure></testcase></testsuite></testsuites>