<?xml version="1.0" encoding="utf-8"?><testsuites name="pytest tests"><testsuite name="pytest" errors="0" failures="0" skipped="0" tests="8" time="4.572" timestamp="2026-08-11T10:31:18.283448+00:00" hostname="agent-env-c4da4a7d-ab40-4894-8d42-80ec5a8175ed"><testcase classname="tests.test_gaji_pin_persist_and_access" name="test_00_initial_state_pin_cleared" time="0.464" /><testcase classname="tests.test_gaji_pin_persist_and_access" name="test_01_set_pin_and_verify" time="0.942" /><testcase classname="tests.test_gaji_pin_persist_and_access" name="test_02_pin_persists_across_relogin" time="0.578" /><testcase classname="tests.test_gaji_pin_persist_and_access" name="test_03_wrong_pin_rejected_no_reset_triggered" time="0.657" /><testcase classname="tests.test_gaji_pin_persist_and_access" name="test_04_heri_cannot_access_payslips" time="0.398" /><testcase classname="tests.test_gaji_pin_persist_and_access" name="test_05_susanto_cannot_access_payslips_without_gaji_token" time="0.350" /><testcase classname="tests.test_gaji_pin_persist_and_access" name="test_06_herliana_with_gaji_token_can_list_payslips" time="0.718" /><testcase classname="tests.test_gaji_pin_persist_and_access" name="test_99_final_cleanup_pin_cleared" time="0.405" /></testsuite></testsuites>