<?xml version="1.0" encoding="utf-8"?><testsuites name="pytest tests"><testsuite name="pytest" errors="0" failures="0" skipped="0" tests="18" time="7.579" timestamp="2026-08-12T15:33:20.081096+00:00" hostname="agent-env-c4da4a7d-ab40-4894-8d42-80ec5a8175ed"><testcase classname="tests.test_hrd_extras.TestAccessControl" name="test_unauth_dashboard" time="0.564" /><testcase classname="tests.test_hrd_extras.TestAccessControl" name="test_unauth_leaves" time="0.124" /><testcase classname="tests.test_hrd_extras.TestAccessControl" name="test_unauth_attendance" time="0.101" /><testcase classname="tests.test_hrd_extras.TestAccessControl" name="test_unauth_reviews" time="0.094" /><testcase classname="tests.test_hrd_extras.TestAccessControl" name="test_unauth_announcements" time="0.089" /><testcase classname="tests.test_hrd_extras.TestAccessControl" name="test_super_can_view_dashboard" time="0.421" /><testcase classname="tests.test_hrd_extras.TestDashboard" name="test_dashboard_shape" time="0.420" /><testcase classname="tests.test_hrd_extras.TestLeaves" name="test_leaves_crud" time="0.605" /><testcase classname="tests.test_hrd_extras.TestLeaves" name="test_leave_invalid_date" time="0.537" /><testcase classname="tests.test_hrd_extras.TestLeaves" name="test_leave_bad_emp" time="0.394" /><testcase classname="tests.test_hrd_extras.TestAttendance" name="test_upsert_no_dup" time="0.586" /><testcase classname="tests.test_hrd_extras.TestReviews" name="test_reviews_crud_and_clamp" time="0.575" /><testcase classname="tests.test_hrd_extras.TestAnnouncements" name="test_announcements_crud" time="0.486" /><testcase classname="tests.test_hrd_extras.TestAnnouncements" name="test_announcement_empty_title" time="0.454" /><testcase classname="tests.test_hrd_extras.TestAnnouncements" name="test_super_can_read_announcements" time="0.377" /><testcase classname="tests.test_hrd_extras.TestCareer" name="test_career_crud" time="0.525" /><testcase classname="tests.test_hrd_extras.TestCareer" name="test_career_invalid_date" time="0.490" /><testcase classname="tests.test_hrd_extras.TestGajiPinRegression" name="test_herliana_pin_still_works" time="0.652" /></testsuite></testsuites>