<?xml version="1.0" encoding="utf-8"?><testsuites name="pytest tests"><testsuite name="pytest" errors="0" failures="0" skipped="0" tests="10" time="3.658" timestamp="2026-08-12T14:55:37.414958+00:00" hostname="agent-env-c4da4a7d-ab40-4894-8d42-80ec5a8175ed"><testcase classname="tests.test_hrd_dokumen" name="test_people_requires_auth" time="0.308" /><testcase classname="tests.test_hrd_dokumen" name="test_create_list_edit_delete_person" time="0.999" /><testcase classname="tests.test_hrd_dokumen" name="test_create_person_requires_nama" time="0.080" /><testcase classname="tests.test_hrd_dokumen" name="test_upload_reject_txt" time="0.133" /><testcase classname="tests.test_hrd_dokumen" name="test_upload_jpg_and_download_delete" time="0.275" /><testcase classname="tests.test_hrd_dokumen" name="test_create_skk_letter" time="0.416" /><testcase classname="tests.test_hrd_dokumen" name="test_paklaring_requires_tanggal_keluar" time="0.103" /><testcase classname="tests.test_hrd_dokumen" name="test_verify_fake_and_malformed" time="0.117" /><testcase classname="tests.test_hrd_dokumen" name="test_susanto_can_access_people" time="0.388" /><testcase classname="tests.test_hrd_dokumen" name="test_herliana_payslip_regression" time="0.766" /></testsuite></testsuites>