<?xml version="1.0" encoding="utf-8"?><testsuites name="pytest tests"><testsuite name="pytest" errors="0" failures="0" skipped="0" tests="6" time="10.068" timestamp="2026-08-11T06:11:25.319848+00:00" hostname="agent-env-c4da4a7d-ab40-4894-8d42-80ec5a8175ed"><testcase classname="tests.test_new_payslip_edit_and_email" name="test_1_import_aug_2026" time="2.627" /><testcase classname="tests.test_new_payslip_edit_and_email" name="test_2_pdf" time="0.155" /><testcase classname="tests.test_new_payslip_edit_and_email" name="test_3_forbidden_for_heri_and_susanto" time="0.741" /><testcase classname="tests.test_new_payslip_edit_and_email" name="test_4_update_payslip_full" time="0.103" /><testcase classname="tests.test_new_payslip_edit_and_email" name="test_5_import_auto_detects_email_in_sheet" time="4.648" /><testcase classname="tests.test_new_payslip_edit_and_email" name="test_6_reimport_preserves_manual_email" time="1.735" /></testsuite></testsuites>