<?xml version="1.0" encoding="utf-8"?><testsuites name="pytest tests"><testsuite name="pytest" errors="0" failures="0" skipped="0" tests="5" time="3.814" timestamp="2026-08-11T09:43:51.773689+00:00" hostname="agent-env-c4da4a7d-ab40-4894-8d42-80ec5a8175ed"><testcase classname="tests.test_gaji_pin_no_forced_reset" name="test_00_clean_state" time="0.660" /><testcase classname="tests.test_gaji_pin_no_forced_reset" name="test_01_create_pin_1111_and_verify" time="0.614" /><testcase classname="tests.test_gaji_pin_no_forced_reset" name="test_02_wrong_pin_rejected_but_no_reset" time="0.318" /><testcase classname="tests.test_gaji_pin_no_forced_reset" name="test_03_reset_flow_end_to_end" time="1.122" /><testcase classname="tests.test_gaji_pin_no_forced_reset" name="test_04_change_pin_normal_clears_stale_resets" time="1.044" /></testsuite></testsuites>