<?xml version="1.0" encoding="utf-8"?><testsuites name="pytest tests"><testsuite name="pytest" errors="0" failures="0" skipped="1" tests="8" time="8.677" timestamp="2026-08-11T07:10:14.058860+00:00" hostname="agent-env-c4da4a7d-ab40-4894-8d42-80ec5a8175ed"><testcase classname="tests.test_email_template_and_pdf_encrypt" name="test_settings_default_template_present" time="0.681" /><testcase classname="tests.test_email_template_and_pdf_encrypt" name="test_settings_save_and_reload_template" time="0.106" /><testcase classname="tests.test_email_template_and_pdf_encrypt" name="test_put_payslip_persists_tanggal_lahir" time="0.108" /><testcase classname="tests.test_email_template_and_pdf_encrypt" name="test_import_auto_detects_tanggal_lahir" time="4.814" /><testcase classname="tests.test_email_template_and_pdf_encrypt" name="test_reimport_preserves_manual_tanggal_lahir" time="1.669" /><testcase classname="tests.test_email_template_and_pdf_encrypt" name="test_render_pdf_encrypted_with_birth_password" time="0.421" /><testcase classname="tests.test_email_template_and_pdf_encrypt" name="test_pdf_preview_endpoint_returns_unencrypted" time="0.166" /><testcase classname="tests.test_email_template_and_pdf_encrypt" name="test_blast_400_when_no_app_password" time="0.049"><skipped type="pytest.skip" message="Gmail App Password is configured in this env; cannot verify 400 guard.">/app/backend/tests/test_email_template_and_pdf_encrypt.py:221: Gmail App Password is configured in this env; cannot verify 400 guard.</skipped></testcase></testsuite></testsuites>