<?xml version="1.0" encoding="utf-8"?><testsuites name="pytest tests"><testsuite name="pytest" errors="0" failures="0" skipped="0" tests="30" time="18.053" timestamp="2026-08-28T03:49:58.750235+00:00" hostname="agent-env-20d73154-99fb-4ef6-8e4f-323eb2e3b9b8"><testcase classname="tests.test_payroll_rates_and_bulk_delete.TestBulkDelete" name="test_bulk_delete_subset_keeps_rest" time="2.732" /><testcase classname="tests.test_payroll_email_import.TestEmailVariants" name="test_email_detected[plain]" time="2.790" /><testcase classname="tests.test_payroll_rates_and_bulk_delete.TestBulkDelete" name="test_bulk_delete_empty_and_unknown_ids" time="0.096" /><testcase classname="tests.test_payroll_email_import.TestEmailVariants" name="test_email_detected[uppercase+spaces]" time="0.112" /><testcase classname="tests.test_payroll_rates_and_bulk_delete.TestBulkDelete" name="test_bulk_delete_requires_pin" time="0.119" /><testcase classname="tests.test_payroll_email_import.TestEmailVariants" name="test_email_detected[text-prefix]" time="0.103" /><testcase classname="tests.test_payroll_rates_and_bulk_delete.TestBulkDelete" name="test_bulk_delete_unauthenticated" time="0.198" /><testcase classname="tests.test_payroll_email_import.TestEmailVariants" name="test_email_detected[nbsp]" time="0.107" /><testcase classname="tests.test_payroll_email_import.TestEmailVariants" name="test_email_detected[dir-hyperlink]" time="0.098" /><testcase classname="tests.test_payroll_rates_and_bulk_delete.TestBulkDelete" name="test_single_delete_still_works" time="1.906" /><testcase classname="tests.test_payroll_email_import.TestEmailVariants" name="test_email_detected[double-space-name]" time="0.097" /><testcase classname="tests.test_payroll_email_import.TestEmailVariants" name="test_email_detected[slip-text-email]" time="1.533" /><testcase classname="tests.test_payroll_email_import.TestEmailVariants" name="test_email_detected[slip-hyperlink]" time="0.105" /><testcase classname="tests.test_payroll_email_import.TestEmailVariants" name="test_double_space_name_matched_directory" time="0.285" /><testcase classname="tests.test_payroll_excel_import.TestImportExcel" name="test_import_valid_slip_and_persist" time="1.231" /><testcase classname="tests.test_payroll_rates_and_bulk_delete.TestSampleImportAndRates" name="test_import_sample_creates_three_slips" time="2.755" /><testcase classname="tests.test_payroll_excel_import.TestImportExcel" name="test_reimport_updates_not_duplicates" time="0.126" /><testcase classname="tests.test_payroll_excel_import.TestImportExcel" name="test_import_non_slip_xlsx_returns_400" time="1.518" /><testcase classname="tests.test_payroll_excel_import.TestImportExcel" name="test_import_garbage_file_returns_400" time="0.060" /><testcase classname="tests.test_payroll_excel_import.TestImportExcel" name="test_import_without_pin_blocked" time="2.273" /><testcase classname="tests.test_payroll_rates_and_bulk_delete.TestSampleImportAndRates" name="test_rates_parsed_dynamically" time="2.166" /><testcase classname="tests.test_payroll_rates_and_bulk_delete.TestSampleImportAndRates" name="test_rahmat_pdf_contains_t_transport" time="2.559" /><testcase classname="tests.test_payroll_email_import.TestRegressionTrialImport" name="test_import_gaji_trial" time="5.171" /><testcase classname="tests.test_payroll_rates_and_bulk_delete.TestSampleImportAndRates" name="test_other_slips_pdf_ok" time="3.057" /><testcase classname="tests.test_payroll_email_import.TestRegressionTrialImport" name="test_pdf_rahmat_has_t_transport" time="0.188" /><testcase classname="tests.test_payroll_email_import.TestDirectoryHeaderVariant" name="test_header_mail_lowercase_variant" time="0.143" /><testcase classname="tests.test_payroll_email_import.TestBulkDeleteRegression" name="test_bulk_delete_removes_slips" time="0.680" /><testcase classname="tests.test_payroll_excel_import.TestImportTemplate" name="test_template_download" time="0.761" /><testcase classname="tests.test_payroll_excel_import.TestImportTemplate" name="test_template_requires_pin" time="1.122" /><testcase classname="tests.test_payroll_email_footer_edge" name="test_footer_email_does_not_override_employee_email" time="1.214" /></testsuite></testsuites>