<?xml version="1.0" encoding="utf-8"?><testsuites name="pytest tests"><testsuite name="pytest" errors="0" failures="0" skipped="0" tests="12" time="4.792" timestamp="2026-08-28T03:49:48.586430+00:00" hostname="agent-env-20d73154-99fb-4ef6-8e4f-323eb2e3b9b8"><testcase classname="tests.test_build_tooling_regression.TestAuth" name="test_login_herliana" time="0.607" /><testcase classname="tests.test_build_tooling_regression.TestAuth" name="test_login_wrong_password" time="0.490" /><testcase classname="tests.test_build_tooling_regression.TestAuth" name="test_me_requires_auth" time="0.149" /><testcase classname="tests.test_build_tooling_regression.TestPayrollImportRegression" name="test_import_gaji_trial_10_2026" time="3.039" /><testcase classname="tests.test_build_tooling_regression.TestPayrollImportRegression" name="test_slips_listed_with_email" time="0.279" /><testcase classname="tests.test_build_tooling_regression.TestPayrollImportRegression" name="test_pdf_rahmat_contains_t_transport" time="0.458" /><testcase classname="tests.test_build_tooling_regression.TestAuth" name="test_me_authenticated" time="2.132" /><testcase classname="tests.test_build_tooling_regression.TestPinGuard" name="test_payslips_without_pin_token_blocked" time="0.425" /><testcase classname="tests.test_build_tooling_regression.TestPayrollImportRegression" name="test_bulk_delete_cleanup_10_2026" time="0.362" /><testcase classname="tests.test_build_tooling_regression.TestPinGuard" name="test_wrong_pin_rejected" time="0.659" /><testcase classname="tests.test_build_tooling_regression.TestBuildTooling" name="test_craco_config_loads_on_current_node" time="0.032" /><testcase classname="tests.test_build_tooling_regression.TestBuildTooling" name="test_polyfill_guarded_and_yarnrc" time="0.001" /></testsuite></testsuites>