<?xml version="1.0" encoding="utf-8"?><testsuites name="pytest tests"><testsuite name="pytest" errors="0" failures="0" skipped="0" tests="14" time="19.785" timestamp="2026-08-13T00:58:17.146046+00:00" hostname="agent-env-c4da4a7d-ab40-4894-8d42-80ec5a8175ed"><testcase classname="tests.test_new_batch_ai_rekrut_admin.TestHrdLogsAccess" name="test_heri_forbidden" time="0.876" /><testcase classname="tests.test_new_batch_ai_rekrut_admin.TestHrdLogsAccess" name="test_susanto_forbidden" time="0.312" /><testcase classname="tests.test_new_batch_ai_rekrut_admin.TestHrdLogsAccess" name="test_herliana_allowed" time="0.311" /><testcase classname="tests.test_new_batch_ai_rekrut_admin.TestRecycleBinAccess" name="test_heri_forbidden_recycle_bin" time="0.072" /><testcase classname="tests.test_new_batch_ai_rekrut_admin.TestRecycleBinAccess" name="test_susanto_recycle_bin_ok" time="0.038" /><testcase classname="tests.test_new_batch_ai_rekrut_admin.TestRecycleBinRestore" name="test_restore_one_item_roundtrip" time="0.108" /><testcase classname="tests.test_new_batch_ai_rekrut_admin.TestBackup" name="test_heri_forbidden" time="0.074" /><testcase classname="tests.test_new_batch_ai_rekrut_admin.TestBackup" name="test_backup_zip" time="0.038" /><testcase classname="tests.test_new_batch_ai_rekrut_admin.TestAIEndpoints" name="test_upload_cv_once" time="5.501" /><testcase classname="tests.test_new_batch_ai_rekrut_admin.TestAIEndpoints" name="test_draft_letter_once" time="5.984" /><testcase classname="tests.test_new_batch_ai_rekrut_admin.TestAIEndpoints" name="test_ocr_ktp_once" time="5.747" /><testcase classname="tests.test_new_batch_ai_rekrut_admin.TestArsipTerpusat" name="test_save_list_pdf_verify_delete" time="0.273" /><testcase classname="tests.test_new_batch_ai_rekrut_admin.TestRegression" name="test_herliana_gaji_pin_still_123456_and_payslips" time="0.311" /><testcase classname="tests.test_new_batch_ai_rekrut_admin.TestRegression" name="test_candidates_list_has_andi" time="0.064" /></testsuite></testsuites>