<?xml version="1.0" encoding="utf-8"?><testsuites name="pytest tests"><testsuite name="pytest" errors="0" failures="0" skipped="0" tests="7" time="3.955" timestamp="2026-08-28T00:57:54.861013+00:00" hostname="agent-env-20d73154-99fb-4ef6-8e4f-323eb2e3b9b8"><testcase classname="tests.test_payroll_excel_import.TestImportExcel" name="test_import_valid_slip_and_persist" time="1.615" /><testcase classname="tests.test_payroll_excel_import.TestImportTemplate" name="test_template_download" time="1.753" /><testcase classname="tests.test_payroll_excel_import.TestImportExcel" name="test_reimport_updates_not_duplicates" time="0.282" /><testcase classname="tests.test_payroll_excel_import.TestImportTemplate" name="test_template_requires_pin" time="1.183" /><testcase classname="tests.test_payroll_excel_import.TestImportExcel" name="test_import_non_slip_xlsx_returns_400" time="0.116" /><testcase classname="tests.test_payroll_excel_import.TestImportExcel" name="test_import_garbage_file_returns_400" time="0.080" /><testcase classname="tests.test_payroll_excel_import.TestImportExcel" name="test_import_without_pin_blocked" time="1.145" /></testsuite></testsuites>