<?xml version="1.0" encoding="utf-8"?><testsuites name="pytest tests"><testsuite name="pytest" errors="0" failures="0" skipped="0" tests="7" time="2.701" timestamp="2026-08-17T10:19:29.548096+00:00" hostname="agent-env-c4da4a7d-ab40-4894-8d42-80ec5a8175ed"><testcase classname="tests.test_payroll_isolation.TestPinIsolation" name="test_herliana_pin_status_before" time="0.723" /><testcase classname="tests.test_payroll_isolation.TestAccessScope" name="test_nofia_my_access" time="0.791" /><testcase classname="tests.test_payroll_isolation.TestPinIsolation" name="test_nofia_pin_status_can_manage" time="0.566" /><testcase classname="tests.test_payroll_isolation.TestPinIsolation" name="test_nofia_set_and_verify_pin" time="0.586" /><testcase classname="tests.test_payroll_isolation.TestPinIsolation" name="test_nofia_payslips_isolated_empty" time="0.079" /><testcase classname="tests.test_payroll_isolation.TestPinIsolation" name="test_herliana_pin_untouched" time="0.041" /><testcase classname="tests.test_payroll_isolation.TestPinIsolation" name="test_nofia_payroll_requires_gaji_token" time="0.339" /></testsuite></testsuites>