<?xml version="1.0" encoding="utf-8"?><testsuites name="pytest tests"><testsuite name="pytest" errors="0" failures="0" skipped="0" tests="8" time="0.712" timestamp="2026-08-14T02:49:08.852236+00:00" hostname="agent-env-c4da4a7d-ab40-4894-8d42-80ec5a8175ed"><testcase classname="tests.test_public_verify.TestPublicVerify" name="test_slip_code_valid" time="0.126" /><testcase classname="tests.test_public_verify.TestPublicVerify" name="test_letter_code_valid" time="0.083" /><testcase classname="tests.test_public_verify.TestPublicVerify" name="test_invalid_code" time="0.060" /><testcase classname="tests.test_public_verify.TestPublicVerify" name="test_lowercase_no_dashes" time="0.070" /><testcase classname="tests.test_public_verify.TestPublicVerify" name="test_lowercase_with_dashes" time="0.066" /><testcase classname="tests.test_public_verify.TestPublicVerify" name="test_bad_format" time="0.065" /><testcase classname="tests.test_public_verify.TestPublicVerify" name="test_no_credentials_accepted" time="0.061" /><testcase classname="tests.test_public_verify.TestPublicVerify" name="test_post_not_allowed" time="0.060" /></testsuite></testsuites>