<?xml version="1.0" encoding="utf-8"?><testsuites name="pytest tests"><testsuite name="pytest" errors="0" failures="0" skipped="1" tests="15" time="9.635" timestamp="2026-08-28T04:22:35.359800+00:00" hostname="agent-env-20d73154-99fb-4ef6-8e4f-323eb2e3b9b8"><testcase classname="tests.test_deps_hygiene_and_ai_degrade.TestRequirementsHygiene" name="test_main_requirements_has_no_emergent_only_deps" time="0.808" /><testcase classname="tests.test_deps_hygiene_and_ai_degrade.TestRequirementsHygiene" name="test_main_requirements_has_no_url_or_index_directives" time="0.000" /><testcase classname="tests.test_deps_hygiene_and_ai_degrade.TestRequirementsHygiene" name="test_core_runtime_deps_still_pinned" time="0.000" /><testcase classname="tests.test_deps_hygiene_and_ai_degrade.TestRequirementsHygiene" name="test_optional_emergent_requirements_file" time="0.000" /><testcase classname="tests.test_deps_hygiene_and_ai_degrade.TestHealthAndRoutes" name="test_health_ok" time="0.227" /><testcase classname="tests.test_deps_hygiene_and_ai_degrade.TestGracefulDegradation" name="test_llm_imports_helper_present_and_no_module_level_import" time="1.039" /><testcase classname="tests.test_deps_hygiene_and_ai_degrade.TestGracefulDegradation" name="test_router_imports_without_emergentintegrations_and_returns_503" time="0.397" /><testcase classname="tests.test_deps_hygiene_and_ai_degrade.TestHealthAndRoutes" name="test_ai_routes_registered" time="0.291"><skipped type="pytest.skip" message="openapi.json not exposed through the public ingress">/app/backend/tests/test_deps_hygiene_and_ai_degrade.py:127: openapi.json not exposed through the public ingress</skipped></testcase><testcase classname="tests.test_deps_hygiene_and_ai_degrade.TestHealthAndRoutes" name="test_ai_route_not_404_or_503" time="0.112" /><testcase classname="tests.test_deps_hygiene_and_ai_degrade.TestGracefulDegradation" name="test_all_ai_call_sites_use_helper" time="0.000" /><testcase classname="tests.test_deps_hygiene_and_ai_degrade.TestPayrollRegression" name="test_import_creates_three_slips_with_email" time="3.210" /><testcase classname="tests.test_deps_hygiene_and_ai_degrade.TestAiEndpointNot503" name="test_upload_cv_reaches_llm_path" time="7.720" /><testcase classname="tests.test_deps_hygiene_and_ai_degrade.TestPayrollRegression" name="test_rahmat_pdf_has_t_transport" time="2.140" /><testcase classname="tests.test_deps_hygiene_and_ai_degrade.TestPayrollRegression" name="test_bulk_delete_cleans_up" time="1.973" /><testcase classname="tests.test_deps_hygiene_and_ai_degrade.TestAiEndpointNot503" name="test_candidates_list_ok" time="0.126" /></testsuite></testsuites>