<?xml version="1.0" encoding="utf-8"?><testsuites name="pytest tests"><testsuite name="pytest" errors="0" failures="0" skipped="0" tests="13" time="4.388" timestamp="2026-08-28T01:55:17.842216+00:00" hostname="agent-env-20d73154-99fb-4ef6-8e4f-323eb2e3b9b8"><testcase classname="tests.test_payroll_email_import.TestEmailVariants" name="test_email_detected[plain]" time="1.321" /><testcase classname="tests.test_payroll_email_import.TestEmailVariants" name="test_email_detected[uppercase+spaces]" time="0.064" /><testcase classname="tests.test_payroll_email_import.TestEmailVariants" name="test_email_detected[text-prefix]" time="0.067" /><testcase classname="tests.test_payroll_email_import.TestEmailVariants" name="test_email_detected[nbsp]" time="0.065" /><testcase classname="tests.test_payroll_email_import.TestEmailVariants" name="test_email_detected[dir-hyperlink]" time="0.062" /><testcase classname="tests.test_payroll_email_import.TestEmailVariants" name="test_email_detected[double-space-name]" time="0.067" /><testcase classname="tests.test_payroll_email_import.TestEmailVariants" name="test_email_detected[slip-text-email]" time="0.061" /><testcase classname="tests.test_payroll_email_import.TestEmailVariants" name="test_email_detected[slip-hyperlink]" time="0.063" /><testcase classname="tests.test_payroll_email_import.TestEmailVariants" name="test_double_space_name_matched_directory" time="0.061" /><testcase classname="tests.test_payroll_email_import.TestDirectoryHeaderVariant" name="test_header_mail_lowercase_variant" time="0.182" /><testcase classname="tests.test_payroll_email_import.TestRegressionTrialImport" name="test_import_gaji_trial" time="1.622" /><testcase classname="tests.test_payroll_email_import.TestRegressionTrialImport" name="test_pdf_rahmat_has_t_transport" time="0.264" /><testcase classname="tests.test_payroll_email_import.TestBulkDeleteRegression" name="test_bulk_delete_removes_slips" time="0.323" /></testsuite></testsuites>