<?xml version="1.0" encoding="utf-8"?><testsuites name="pytest tests"><testsuite name="pytest" errors="0" failures="0" skipped="0" tests="9" time="12.394" timestamp="2026-08-28T01:18:32.667404+00:00" hostname="agent-env-20d73154-99fb-4ef6-8e4f-323eb2e3b9b8"><testcase classname="tests.test_payroll_rates_and_bulk_delete.TestSampleImportAndRates" name="test_import_sample_creates_three_slips" time="2.908" /><testcase classname="tests.test_payroll_rates_and_bulk_delete.TestSampleImportAndRates" name="test_rates_parsed_dynamically" time="1.622" /><testcase classname="tests.test_payroll_rates_and_bulk_delete.TestSampleImportAndRates" name="test_rahmat_pdf_contains_t_transport" time="1.943" /><testcase classname="tests.test_payroll_rates_and_bulk_delete.TestSampleImportAndRates" name="test_other_slips_pdf_ok" time="1.823" /><testcase classname="tests.test_payroll_rates_and_bulk_delete.TestBulkDelete" name="test_bulk_delete_subset_keeps_rest" time="1.753" /><testcase classname="tests.test_payroll_rates_and_bulk_delete.TestBulkDelete" name="test_bulk_delete_empty_and_unknown_ids" time="0.104" /><testcase classname="tests.test_payroll_rates_and_bulk_delete.TestBulkDelete" name="test_bulk_delete_requires_pin" time="0.152" /><testcase classname="tests.test_payroll_rates_and_bulk_delete.TestBulkDelete" name="test_bulk_delete_unauthenticated" time="0.126" /><testcase classname="tests.test_payroll_rates_and_bulk_delete.TestBulkDelete" name="test_single_delete_still_works" time="1.889" /></testsuite></testsuites>