<?xml version="1.0" encoding="utf-8"?><testsuites name="pytest tests"><testsuite name="pytest" errors="0" failures="0" skipped="0" tests="23" time="10.778" timestamp="2026-08-11T05:56:46.656850+00:00" hostname="agent-env-c4da4a7d-ab40-4894-8d42-80ec5a8175ed"><testcase classname="tests.test_hris_flows" name="test_health" time="0.110" /><testcase classname="tests.test_hris_flows" name="test_login_three_users" time="1.141" /><testcase classname="tests.test_hris_flows" name="test_login_wrong_password" time="0.292" /><testcase classname="tests.test_hris_flows" name="test_herliana_no_portal_pin_required" time="0.346" /><testcase classname="tests.test_hris_flows" name="test_heri_no_portal_pin_and_no_gaji" time="0.368" /><testcase classname="tests.test_hris_flows" name="test_susanto_no_gaji_access" time="0.335" /><testcase classname="tests.test_hris_flows" name="test_heri_403_gaji_endpoints" time="0.106" /><testcase classname="tests.test_hris_flows" name="test_susanto_403_gaji_endpoints" time="0.119" /><testcase classname="tests.test_hris_flows" name="test_heri_cannot_set_gaji_pin" time="0.090" /><testcase classname="tests.test_hris_flows" name="test_susanto_cannot_set_gaji_pin" time="0.073" /><testcase classname="tests.test_hris_flows" name="test_a_herliana_create_initial_gaji_pin" time="0.595" /><testcase classname="tests.test_hris_flows" name="test_b_herliana_wrong_pin_verify" time="0.569" /><testcase classname="tests.test_hris_flows" name="test_c_herliana_request_reset" time="0.045" /><testcase classname="tests.test_hris_flows" name="test_d_susanto_sees_pending_and_approves" time="0.138" /><testcase classname="tests.test_hris_flows" name="test_e_herliana_sees_reset_approved" time="0.033" /><testcase classname="tests.test_hris_flows" name="test_f_BUGFIX_herliana_creates_new_pin_without_old" time="0.839" /><testcase classname="tests.test_hris_flows" name="test_g_BUGFIX_alt_setpin_path_after_reset" time="2.327" /><testcase classname="tests.test_hris_flows" name="test_h_herliana_change_pin_requires_old" time="0.772" /><testcase classname="tests.test_hris_flows" name="test_i_excel_import_and_take_home" time="2.077" /><testcase classname="tests.test_hris_flows" name="test_j_pdf_endpoint" time="0.182" /><testcase classname="tests.test_hris_flows" name="test_k_susanto_list_users" time="0.029" /><testcase classname="tests.test_hris_flows" name="test_l_non_super_cannot_list_users" time="0.072" /><testcase classname="tests.test_hris_flows" name="test_m_susanto_menu_defs" time="0.028" /></testsuite></testsuites>