<?xml version="1.0" encoding="utf-8"?><testsuites name="pytest tests"><testsuite name="pytest" errors="4" failures="1" skipped="0" tests="23" time="15.820" timestamp="2026-08-28T01:56:12.940925+00:00" hostname="agent-env-20d73154-99fb-4ef6-8e4f-323eb2e3b9b8"><testcase classname="tests.test_payroll_rates_and_bulk_delete.TestSampleImportAndRates" name="test_import_sample_creates_three_slips" time="2.449" /><testcase classname="tests.test_payroll_rates_and_bulk_delete.TestSampleImportAndRates" name="test_rates_parsed_dynamically" time="1.657" /><testcase classname="tests.test_payroll_rates_and_bulk_delete.TestSampleImportAndRates" name="test_rahmat_pdf_contains_t_transport" time="2.155" /><testcase classname="tests.test_payroll_rates_and_bulk_delete.TestSampleImportAndRates" name="test_other_slips_pdf_ok" time="1.796" /><testcase classname="tests.test_payroll_rates_and_bulk_delete.TestBulkDelete" name="test_bulk_delete_subset_keeps_rest" time="1.811" /><testcase classname="tests.test_payroll_rates_and_bulk_delete.TestBulkDelete" name="test_bulk_delete_empty_and_unknown_ids" time="0.115" /><testcase classname="tests.test_payroll_rates_and_bulk_delete.TestBulkDelete" name="test_bulk_delete_requires_pin" time="0.189" /><testcase classname="tests.test_payroll_rates_and_bulk_delete.TestBulkDelete" name="test_bulk_delete_unauthenticated" time="0.165" /><testcase classname="tests.test_payroll_rates_and_bulk_delete.TestBulkDelete" name="test_single_delete_still_works" time="1.936" /><testcase classname="tests.test_payroll_excel_import.TestImportTemplate" name="test_template_download" time="0.863" /><testcase classname="tests.test_payroll_excel_import.TestImportTemplate" name="test_template_requires_pin" time="0.142" /><testcase classname="tests.test_payroll_excel_import.TestImportExcel" name="test_import_valid_slip_and_persist" time="0.161" /><testcase classname="tests.test_payroll_excel_import.TestImportExcel" name="test_reimport_updates_not_duplicates" time="0.158" /><testcase classname="tests.test_payroll_excel_import.TestImportExcel" name="test_import_non_slip_xlsx_returns_400" time="0.089" /><testcase classname="tests.test_payroll_excel_import.TestImportExcel" name="test_import_garbage_file_returns_400" time="0.080" /><testcase classname="tests.test_payroll_excel_import.TestImportExcel" name="test_import_without_pin_blocked" time="1.085" /><testcase classname="tests.test_payroll_isolation.TestAccessScope" name="test_nofia_my_access" time="0.142"><error message="failed on setup with &quot;AssertionError: login failed for nofia: 401 {&quot;detail&quot;:&quot;Username atau password salah&quot;}&#10;assert 401 == 200&#10; +  where 401 = &lt;Response [401]&gt;.status_code&quot;">E   AssertionError: login failed for nofia: 401 {"detail":"Username atau password salah"}
    assert 401 == 200
     +  where 401 = &lt;Response [401]&gt;.status_code</error></testcase><testcase classname="tests.test_payroll_isolation.TestPinIsolation" name="test_herliana_pin_status_before" time="0.512" /><testcase classname="tests.test_payroll_isolation.TestPinIsolation" name="test_nofia_pin_status_can_manage" time="0.000"><error message="failed on setup with &quot;AssertionError: login failed for nofia: 401 {&quot;detail&quot;:&quot;Username atau password salah&quot;}&#10;assert 401 == 200&#10; +  where 401 = &lt;Response [401]&gt;.status_code&quot;">E   AssertionError: login failed for nofia: 401 {"detail":"Username atau password salah"}
    assert 401 == 200
     +  where 401 = &lt;Response [401]&gt;.status_code</error></testcase><testcase classname="tests.test_payroll_isolation.TestPinIsolation" name="test_nofia_set_and_verify_pin" time="0.000"><error message="failed on setup with &quot;AssertionError: login failed for nofia: 401 {&quot;detail&quot;:&quot;Username atau password salah&quot;}&#10;assert 401 == 200&#10; +  where 401 = &lt;Response [401]&gt;.status_code&quot;">E   AssertionError: login failed for nofia: 401 {"detail":"Username atau password salah"}
    assert 401 == 200
     +  where 401 = &lt;Response [401]&gt;.status_code</error></testcase><testcase classname="tests.test_payroll_isolation.TestPinIsolation" name="test_nofia_payslips_isolated_empty" time="0.000"><error message="failed on setup with &quot;AssertionError: login failed for nofia: 401 {&quot;detail&quot;:&quot;Username atau password salah&quot;}&#10;assert 401 == 200&#10; +  where 401 = &lt;Response [401]&gt;.status_code&quot;">E   AssertionError: login failed for nofia: 401 {"detail":"Username atau password salah"}
    assert 401 == 200
     +  where 401 = &lt;Response [401]&gt;.status_code</error></testcase><testcase classname="tests.test_payroll_isolation.TestPinIsolation" name="test_herliana_pin_untouched" time="0.064" /><testcase classname="tests.test_payroll_isolation.TestPinIsolation" name="test_nofia_payroll_requires_gaji_token" time="0.172"><failure message="AssertionError: login failed for nofia: 401 {&quot;detail&quot;:&quot;Username atau password salah&quot;}&#10;assert 401 == 200&#10; +  where 401 = &lt;Response [401]&gt;.status_code">E   AssertionError: login failed for nofia: 401 {"detail":"Username atau password salah"}
    assert 401 == 200
     +  where 401 = &lt;Response [401]&gt;.status_code</failure></testcase></testsuite></testsuites>