<?xml version="1.0" encoding="utf-8"?><testsuites name="pytest tests"><testsuite name="pytest" errors="0" failures="0" skipped="0" tests="7" time="3.652" timestamp="2026-08-11T10:09:21.373733+00:00" hostname="agent-env-c4da4a7d-ab40-4894-8d42-80ec5a8175ed"><testcase classname="tests.test_smtp_friendly_and_blast.TestSmtpFriendly" name="test_maps_5_7_26_spf_dkim" time="0.000" /><testcase classname="tests.test_smtp_friendly_and_blast.TestSmtpFriendly" name="test_maps_app_password" time="0.000" /><testcase classname="tests.test_smtp_friendly_and_blast.TestSmtpFriendly" name="test_fallback_returns_original" time="0.000" /><testcase classname="tests.test_smtp_friendly_and_blast.TestBlastFailureMapping" name="test_blast_5_7_26_maps_to_friendly_error" time="0.117" /><testcase classname="tests.test_smtp_friendly_and_blast.TestBlastSuccess" name="test_blast_success_headers_and_unencrypted_pdf" time="0.051" /><testcase classname="tests.test_smtp_friendly_and_blast.TestBlast400WhenNotConfigured" name="test_blast_returns_400_when_app_password_missing" time="0.663" /><testcase classname="tests.test_smtp_friendly_and_blast.TestImportAndPdfRegression" name="test_import_xlsx_and_pdf_unencrypted" time="2.497" /></testsuite></testsuites>